  UnitTest1.cpp
E:\Lab3\Lab_3.2\Lab_3.2\Lab_3.2.cpp(74,24): error C3861: 'IndexSort': identifier not found
E:\Lab3\Lab_3.2\Lab_3.2\Lab_3.2.cpp(74,4): error C3861: 'PrintIndexSorted': identifier not found
